#-----------------------------------------------------------
# Vivado v2018.3 (64-bit)
# SW Build 2405991 on Thu Dec  6 23:38:27 MST 2018
# IP Build 2404404 on Fri Dec  7 01:43:56 MST 2018
# Start of session at: Sat Apr 10 17:57:44 2021
# Process ID: 26936
# Current directory: C:/Users/jabid/Documents/Universidad/Tarea/Detector de secuencia
# Command line: vivado.exe -gui_launcher_event rodinguilauncherevent39388 C:\Users\jabid\Documents\Universidad\Tarea\Detector de secuencia\Detector de secuencia.xpr
# Log file: C:/Users/jabid/Documents/Universidad/Tarea/Detector de secuencia/vivado.log
# Journal file: C:/Users/jabid/Documents/Universidad/Tarea/Detector de secuencia\vivado.jou
#-----------------------------------------------------------
start_gui
open_project {C:/Users/jabid/Documents/Universidad/Tarea/Detector de secuencia/Detector de secuencia.xpr}
Scanning sources...
Finished scanning sources
INFO: [IP_Flow 19-234] Refreshing IP repositories
INFO: [IP_Flow 19-1704] No user IP repositories specified
INFO: [IP_Flow 19-2313] Loaded Vivado IP repository 'C:/Xilinx/Vivado/2018.3/data/ip'.
open_project: Time (s): cpu = 00:00:20 ; elapsed = 00:00:43 . Memory (MB): peak = 727.895 ; gain = 158.117
update_compile_order -fileset sources_1
exit
INFO: [Common 17-206] Exiting Vivado at Sat Apr 10 18:57:57 2021...
